c:\users\egeye\onedrive\masaüstü\graphics10\graphics\graphics\debug\graphics.pch
c:\users\egeye\onedrive\masaüstü\graphics10\graphics\graphics\debug\vc142.pdb
c:\users\egeye\onedrive\masaüstü\graphics10\graphics\graphics\debug\vc142.idb
c:\users\egeye\onedrive\masaüstü\graphics10\graphics\graphics\debug\button2d.obj
c:\users\egeye\onedrive\masaüstü\graphics10\graphics\graphics\debug\camera.obj
c:\users\egeye\onedrive\masaüstü\graphics10\graphics\graphics\debug\circle.obj
c:\users\egeye\onedrive\masaüstü\graphics10\graphics\graphics\debug\collision.obj
c:\users\egeye\onedrive\masaüstü\graphics10\graphics\graphics\debug\cursor2d.obj
c:\users\egeye\onedrive\masaüstü\graphics10\graphics\graphics\debug\dice.obj
c:\users\egeye\onedrive\masaüstü\graphics10\graphics\graphics\debug\engine.obj
c:\users\egeye\onedrive\masaüstü\graphics10\graphics\graphics\debug\entity.obj
c:\users\egeye\onedrive\masaüstü\graphics10\graphics\graphics\debug\helpers.obj
c:\users\egeye\onedrive\masaüstü\graphics10\graphics\graphics\debug\image2d.obj
c:\users\egeye\onedrive\masaüstü\graphics10\graphics\graphics\debug\inputmanager.obj
c:\users\egeye\onedrive\masaüstü\graphics10\graphics\graphics\debug\meteor.obj
c:\users\egeye\onedrive\masaüstü\graphics10\graphics\graphics\debug\objentity.obj
c:\users\egeye\onedrive\masaüstü\graphics10\graphics\graphics\debug\objmanager.obj
c:\users\egeye\onedrive\masaüstü\graphics10\graphics\graphics\debug\plane.obj
c:\users\egeye\onedrive\masaüstü\graphics10\graphics\graphics\debug\quad.obj
c:\users\egeye\onedrive\masaüstü\graphics10\graphics\graphics\debug\sphere.obj
c:\users\egeye\onedrive\masaüstü\graphics10\graphics\graphics\debug\text2d.obj
c:\users\egeye\onedrive\masaüstü\graphics10\graphics\graphics\debug\texturedentity.obj
c:\users\egeye\onedrive\masaüstü\graphics10\graphics\graphics\debug\waterplane.obj
c:\users\egeye\onedrive\masaüstü\graphics10\graphics\graphics\debug\main.obj
c:\users\egeye\onedrive\masaüstü\graphics10\graphics\graphics\debug\blackhole.obj
c:\users\egeye\onedrive\masaüstü\graphics10\graphics\graphics\debug\contentmanager.obj
c:\users\egeye\onedrive\masaüstü\graphics10\graphics\graphics\debug\cube.obj
c:\users\egeye\onedrive\masaüstü\graphics10\graphics\graphics\debug\triangle.obj
c:\users\egeye\onedrive\masaüstü\graphics10\graphics\graphics\debug\entity2d.obj
c:\users\egeye\onedrive\masaüstü\graphics10\graphics\graphics\debug\fpsdisplay2d.obj
c:\users\egeye\onedrive\masaüstü\graphics10\graphics\graphics\debug\planet.obj
c:\users\egeye\onedrive\masaüstü\gpbackup2\graphics\graphics\debug\graphics.pch
c:\users\egeye\onedrive\masaüstü\gpbackup2\graphics\graphics\debug\vc142.pdb
c:\users\egeye\onedrive\masaüstü\gpbackup2\graphics\graphics\debug\vc142.idb
c:\users\egeye\onedrive\masaüstü\gpbackup2\graphics\graphics\debug\blackhole.obj
c:\users\egeye\onedrive\masaüstü\gpbackup2\graphics\graphics\debug\button2d.obj
c:\users\egeye\onedrive\masaüstü\gpbackup2\graphics\graphics\debug\camera.obj
c:\users\egeye\onedrive\masaüstü\gpbackup2\graphics\graphics\debug\circle.obj
c:\users\egeye\onedrive\masaüstü\gpbackup2\graphics\graphics\debug\collision.obj
c:\users\egeye\onedrive\masaüstü\gpbackup2\graphics\graphics\debug\contentmanager.obj
c:\users\egeye\onedrive\masaüstü\gpbackup2\graphics\graphics\debug\cube.obj
c:\users\egeye\onedrive\masaüstü\gpbackup2\graphics\graphics\debug\cursor2d.obj
c:\users\egeye\onedrive\masaüstü\gpbackup2\graphics\graphics\debug\dice.obj
c:\users\egeye\onedrive\masaüstü\gpbackup2\graphics\graphics\debug\engine.obj
c:\users\egeye\onedrive\masaüstü\gpbackup2\graphics\graphics\debug\entity.obj
c:\users\egeye\onedrive\masaüstü\gpbackup2\graphics\graphics\debug\entity2d.obj
c:\users\egeye\onedrive\masaüstü\gpbackup2\graphics\graphics\debug\fpsdisplay2d.obj
c:\users\egeye\onedrive\masaüstü\gpbackup2\graphics\graphics\debug\image2d.obj
c:\users\egeye\onedrive\masaüstü\gpbackup2\graphics\graphics\debug\meteor.obj
c:\users\egeye\onedrive\masaüstü\gpbackup2\graphics\graphics\debug\planet.obj
c:\users\egeye\onedrive\masaüstü\gpbackup2\graphics\graphics\debug\text2d.obj
c:\users\egeye\onedrive\masaüstü\gpbackup2\graphics\graphics\debug\waterplane.obj
c:\users\egeye\onedrive\masaüstü\gpbackup2\graphics\graphics\debug\helpers.obj
c:\users\egeye\onedrive\masaüstü\gpbackup2\graphics\graphics\debug\inputmanager.obj
c:\users\egeye\onedrive\masaüstü\gpbackup2\graphics\graphics\debug\main.obj
c:\users\egeye\onedrive\masaüstü\gpbackup2\graphics\graphics\debug\objentity.obj
c:\users\egeye\onedrive\masaüstü\gpbackup2\graphics\graphics\debug\objmanager.obj
c:\users\egeye\onedrive\masaüstü\gpbackup2\graphics\graphics\debug\plane.obj
c:\users\egeye\onedrive\masaüstü\gpbackup2\graphics\graphics\debug\quad.obj
c:\users\egeye\onedrive\masaüstü\gpbackup2\graphics\graphics\debug\sphere.obj
c:\users\egeye\onedrive\masaüstü\gpbackup2\graphics\graphics\debug\texturedentity.obj
c:\users\egeye\onedrive\masaüstü\gpbackup2\graphics\graphics\debug\triangle.obj
c:\users\egeye\onedrive\masaüstü\gpbackup2\graphics\graphics\debug\texturedsphere.obj
c:\users\egeye\onedrive\masaüstü\gpbackup2\graphics\graphics\debug\cuboid.obj
c:\users\egeye\onedrive\masaüstü\graphics10\graphics\graphics\inc\heightblendingpixelshader.h
c:\users\egeye\onedrive\masaüstü\graphics10\graphics\debug\heigthblendingpixelshader_d.cso
c:\users\egeye\onedrive\masaüstü\graphics10\graphics\graphics\inc\waterpixelshader.h
c:\users\egeye\onedrive\masaüstü\graphics10\graphics\debug\waterpixelshader_d.cso
c:\users\egeye\onedrive\masaüstü\graphics10\graphics\graphics\inc\watervertedshader.h
c:\users\egeye\onedrive\masaüstü\graphics10\graphics\debug\watervertexshader_d.cso
c:\users\egeye\onedrive\masaüstü\graphics10\graphics\graphics\inc\heightblendingvertexshader.h
c:\users\egeye\onedrive\masaüstü\graphics10\graphics\debug\heigthblendingvertexshader_d.cso
c:\users\egeye\onedrive\masaüstü\graphics10\graphics\graphics\inc\terrainpixelshader.h
c:\users\egeye\onedrive\masaüstü\graphics10\graphics\debug\terrainpixelshader_d.cso
c:\users\egeye\onedrive\masaüstü\graphics10\graphics\graphics\inc\terrainvertexshader.h
c:\users\egeye\onedrive\masaüstü\graphics10\graphics\debug\terrainvertexshader_d.cso
c:\users\egeye\onedrive\masaüstü\graphics10\graphics\graphics\inc\texturedvertexshader.h
c:\users\egeye\onedrive\masaüstü\graphics10\graphics\debug\texturedvertexshader_d.cso
c:\users\egeye\onedrive\masaüstü\graphics10\graphics\graphics\inc\simplevertexshader.h
c:\users\egeye\onedrive\masaüstü\graphics10\graphics\debug\simplevertexshader_d.cso
c:\users\egeye\onedrive\masaüstü\graphics10\graphics\graphics\inc\texturedpixelshader.h
c:\users\egeye\onedrive\masaüstü\graphics10\graphics\debug\texturedpixelshader_d.cso
c:\users\egeye\onedrive\masaüstü\graphics10\graphics\graphics\inc\simplepixelshader.h
c:\users\egeye\onedrive\masaüstü\graphics10\graphics\debug\simplepixelshader_d.cso
c:\users\egeye\onedrive\masaüstü\graphics10\graphics\graphics\inc\celshadingpixelshader.h
c:\users\egeye\onedrive\masaüstü\graphics10\graphics\debug\celshadingpixelshader_d.cso
c:\users\egeye\onedrive\masaüstü\graphics10\graphics\graphics\inc\celshadingvertexshader.h
c:\users\egeye\onedrive\masaüstü\graphics10\graphics\debug\celshadingvertexshader_d.cso
c:\users\egeye\onedrive\masaüstü\gpbackup2\graphics\graphics\inc\heightblendingpixelshader.h
c:\users\egeye\onedrive\masaüstü\gpbackup2\graphics\debug\heigthblendingpixelshader_d.cso
c:\users\egeye\onedrive\masaüstü\gpbackup2\graphics\graphics\inc\waterpixelshader.h
c:\users\egeye\onedrive\masaüstü\gpbackup2\graphics\debug\waterpixelshader_d.cso
c:\users\egeye\onedrive\masaüstü\gpbackup2\graphics\graphics\inc\watervertedshader.h
c:\users\egeye\onedrive\masaüstü\gpbackup2\graphics\debug\watervertexshader_d.cso
c:\users\egeye\onedrive\masaüstü\gpbackup2\graphics\graphics\inc\celshadingpixelshader.h
c:\users\egeye\onedrive\masaüstü\gpbackup2\graphics\debug\celshadingpixelshader_d.cso
c:\users\egeye\onedrive\masaüstü\gpbackup2\graphics\graphics\inc\celshadingvertexshader.h
c:\users\egeye\onedrive\masaüstü\gpbackup2\graphics\debug\celshadingvertexshader_d.cso
c:\users\egeye\onedrive\masaüstü\gpbackup2\graphics\graphics\inc\heightblendingvertexshader.h
c:\users\egeye\onedrive\masaüstü\gpbackup2\graphics\debug\heigthblendingvertexshader_d.cso
c:\users\egeye\onedrive\masaüstü\gpbackup2\graphics\graphics\inc\simplepixelshader.h
c:\users\egeye\onedrive\masaüstü\gpbackup2\graphics\debug\simplepixelshader_d.cso
c:\users\egeye\onedrive\masaüstü\gpbackup2\graphics\graphics\inc\simplevertexshader.h
c:\users\egeye\onedrive\masaüstü\gpbackup2\graphics\debug\simplevertexshader_d.cso
c:\users\egeye\onedrive\masaüstü\gpbackup2\graphics\graphics\inc\terrainpixelshader.h
c:\users\egeye\onedrive\masaüstü\gpbackup2\graphics\debug\terrainpixelshader_d.cso
c:\users\egeye\onedrive\masaüstü\gpbackup2\graphics\graphics\inc\terrainvertexshader.h
c:\users\egeye\onedrive\masaüstü\gpbackup2\graphics\debug\terrainvertexshader_d.cso
c:\users\egeye\onedrive\masaüstü\gpbackup2\graphics\graphics\inc\texturedpixelshader.h
c:\users\egeye\onedrive\masaüstü\gpbackup2\graphics\debug\texturedpixelshader_d.cso
c:\users\egeye\onedrive\masaüstü\gpbackup2\graphics\graphics\inc\texturedvertexshader.h
c:\users\egeye\onedrive\masaüstü\gpbackup2\graphics\debug\texturedvertexshader_d.cso
c:\users\egeye\onedrive\masaüstü\graphics10\graphics\debug\graphics.exe
c:\users\egeye\onedrive\masaüstü\graphics10\graphics\debug\graphics.ilk
c:\users\egeye\onedrive\masaüstü\graphics10\graphics\debug\graphics.pdb
c:\users\egeye\onedrive\masaüstü\gpbackup2\graphics\debug\graphics.exe
c:\users\egeye\onedrive\masaüstü\gpbackup2\graphics\debug\graphics.ilk
c:\users\egeye\onedrive\masaüstü\gpbackup2\graphics\debug\graphics.pdb
c:\users\egeye\onedrive\masaüstü\gpbackup2\graphics\graphics\debug\engine.new.obj.enc
c:\users\egeye\onedrive\masaüstü\gpbackup2\graphics\graphics\debug\graphics.tlog\cl.command.1.tlog
c:\users\egeye\onedrive\masaüstü\gpbackup2\graphics\graphics\debug\graphics.tlog\cl.read.1.tlog
c:\users\egeye\onedrive\masaüstü\gpbackup2\graphics\graphics\debug\graphics.tlog\cl.write.1.tlog
c:\users\egeye\onedrive\masaüstü\gpbackup2\graphics\graphics\debug\graphics.tlog\fxc.command.1.tlog
c:\users\egeye\onedrive\masaüstü\gpbackup2\graphics\graphics\debug\graphics.tlog\fxc.read.1.tlog
c:\users\egeye\onedrive\masaüstü\gpbackup2\graphics\graphics\debug\graphics.tlog\fxc.write.1.tlog
c:\users\egeye\onedrive\masaüstü\gpbackup2\graphics\graphics\debug\graphics.tlog\link.command.1.tlog
c:\users\egeye\onedrive\masaüstü\gpbackup2\graphics\graphics\debug\graphics.tlog\link.read.1.tlog
c:\users\egeye\onedrive\masaüstü\gpbackup2\graphics\graphics\debug\graphics.tlog\link.write.1.tlog
